<?xml version="1.0" encoding="UTF-8"?>
<coverage generated="1416316099">
  <project timestamp="1416316099">
    <file name="C:\wamp\www\jenkins\src\class/main.php">
      <class name="LandingPage" namespace="global">
        <metrics methods="1" coveredmethods="1" conditionals="0" coveredconditionals="0" statements="1" coveredstatements="1" elements="2" coveredelements="2"/>
      </class>
      <line num="8" type="method" name="run" crap="1" count="1"/>
      <line num="10" type="stmt" count="1"/>
      <metrics loc="12" ncloc="9" classes="1" methods="1" coveredmethods="1" conditionals="0" coveredconditionals="0" statements="1" coveredstatements="1" elements="2" coveredelements="2"/>
    </file>
    <metrics files="1" loc="12" ncloc="9" classes="1" methods="1" coveredmethods="1" conditionals="0" coveredconditionals="0" statements="1" coveredstatements="1" elements="2" coveredelements="2"/>
  </project>
</coverage>
